1626867591209	geckodriver	INFO	Listening on 127.0.0.1:50166
1626867594241	mozrunner::runner	INFO	Running command: "C:\\Program Files\\Mozilla Firefox\\firefox.exe" "--marionette" "-foreground" "-no-remote" "-profile" "C:\\Users\\chris\\AppData\\Local\\Temp\\rust_mozprofileb9vSeu"
1626867594762	Marionette	INFO	Marionette enabled
console.warn: SearchSettings: "get: No settings file exists, new profile?" (new NotFoundError("Could not open the file at C:\\Users\\chris\\AppData\\Local\\Temp\\rust_mozprofileb9vSeu\\search.json.mozlz4", (void 0)))
1626867597314	Marionette	INFO	Listening on port 50176
1626867597408	Marionette	WARN	TLS certificate errors will be ignored for this session
console.error: services.settings: 
  main/doh-config Signature failed  InvalidSignatureError: Invalid content signature (main/doh-config)
console.error: services.settings: 
  main/doh-config local data was corrupted
console.warn: services.settings: main/doh-config Signature verified failed. Retry from scratch
console.error: services.settings: 
  main/doh-providers Signature failed  InvalidSignatureError: Invalid content signature (main/doh-providers)
console.error: services.settings: 
  main/doh-providers local data was corrupted
console.warn: services.settings: main/doh-providers Signature verified failed. Retry from scratch
console.log: WebExtensions: reset-default-search: starting.
console.log: WebExtensions: reset-default-search: No addons in our list are installed.
console.error: "Error while calling actor 'pagestyle's method 'getApplied'" "node is null"
console.error: (new TypeError("node is null", "resource://devtools/server/actors/page-style.js", 570))
1626868156712	Marionette	INFO	Stopped listening on port 50176

###!!! [Child][RunMessage] Error: Channel closing: too late to send/recv, messages will be lost

1626868255145	geckodriver	INFO	Listening on 127.0.0.1:63386
1626868258168	mozrunner::runner	INFO	Running command: "C:\\Program Files\\Mozilla Firefox\\firefox.exe" "--marionette" "-foreground" "-no-remote" "-profile" "C:\\Users\\chris\\AppData\\Local\\Temp\\rust_mozprofileXABV8x"
1626868258476	Marionette	INFO	Marionette enabled
console.warn: SearchSettings: "get: No settings file exists, new profile?" (new NotFoundError("Could not open the file at C:\\Users\\chris\\AppData\\Local\\Temp\\rust_mozprofileXABV8x\\search.json.mozlz4", (void 0)))
1626868259961	Marionette	INFO	Listening on port 63394
1626868260243	Marionette	WARN	TLS certificate errors will be ignored for this session
1626868281362	Marionette	INFO	Stopped listening on port 63394

###!!! [Child][RunMessage] Error: Channel closing: too late to send/recv, messages will be lost

